<?xml version="1.0" encoding="UTF-8"?>
<!-- Generated by org.testng.reporters.JUnitXMLReporter -->
<testsuite hostname="Chumki" ignored="0" name="Command line test" tests="4" failures="0" timestamp="12 Jul 2021 09:22:12 GMT" time="0.156" errors="0">
  <testcase name="createProductWithId" time="0.016" classname="com.crm.vtiger.CreateProductTest"/>
  <testcase name="createProductWithNameTest" time="0.001" classname="com.crm.vtiger.CreateProductTest"/>
  <testcase name="searchProductWithId" time="0.011" classname="com.crm.vtiger.SearchProductTest"/>
  <testcase name="searchProductWithNameTest" time="0.001" classname="com.crm.vtiger.SearchProductTest"/>
</testsuite> <!-- Command line test -->
